

============================== 14:49:50.300424 | 992d0276-ca65-4750-b282-fda9513a109f ==============================
[0m14:49:50.300424 [info ] [MainThread]: Running with dbt=1.8.7
[0m14:49:50.309578 [debug] [MainThread]: running dbt with arguments {'printer_width': '80', 'indirect_selection': 'eager', 'write_json': 'True', 'log_cache_events': 'False', 'partial_parse': 'True', 'cache_selected_only': 'False', 'warn_error': 'None', 'fail_fast': 'False', 'profiles_dir': 'C:\\Users\\Nikesh\\Documents\\test dbt projects\\Hubspot-2\\myenv\\Lib\\site-packages\\dlt\\helpers\\dbt', 'log_path': 'C:\\Users\\Nikesh\\Documents\\test dbt projects\\Hubspot-2\\dbt_hubspot\\logs', 'debug': 'False', 'version_check': 'True', 'use_colors': 'True', 'use_experimental_parser': 'False', 'no_print': 'None', 'quiet': 'True', 'empty': 'None', 'log_format': 'default', 'introspect': 'True', 'invocation_command': 'dbt ', 'warn_error_options': 'WarnErrorOptions(include=[], exclude=[])', 'target_path': 'None', 'static_parser': 'True', 'send_anonymous_usage_stats': 'False'}
[0m14:49:50.309578 [warn ] [MainThread]: [[33mWARNING[0m]: Deprecated functionality

User config should be moved from the 'config' key in profiles.yml to the 'flags' key in dbt_project.yml.
[0m14:49:50.618387 [info ] [MainThread]: Warning: No packages were found in packages.yml
[0m14:49:50.618387 [info ] [MainThread]: Warning: No packages were found in packages.yml
[0m14:49:50.618387 [debug] [MainThread]: Command `cli deps` succeeded at 14:49:50.618387 after 0.49 seconds
[0m14:49:50.618387 [debug] [MainThread]: Flushing usage events


============================== 14:49:53.368671 | 0323ae03-dc13-48ab-9b8b-939bffd553ca ==============================
[0m14:49:53.368671 [info ] [MainThread]: Running with dbt=1.8.7
[0m14:49:53.368671 [debug] [MainThread]: running dbt with arguments {'printer_width': '80', 'indirect_selection': 'eager', 'log_cache_events': 'False', 'write_json': 'True', 'partial_parse': 'True', 'cache_selected_only': 'False', 'profiles_dir': 'C:\\Users\\Nikesh\\Documents\\test dbt projects\\Hubspot-2\\myenv\\Lib\\site-packages\\dlt\\helpers\\dbt', 'fail_fast': 'False', 'warn_error': 'None', 'log_path': 'C:\\Users\\Nikesh\\Documents\\test dbt projects\\Hubspot-2\\dbt_hubspot\\logs', 'version_check': 'True', 'debug': 'False', 'use_colors': 'True', 'use_experimental_parser': 'False', 'no_print': 'None', 'quiet': 'True', 'empty': 'None', 'log_format': 'default', 'static_parser': 'True', 'invocation_command': 'dbt ', 'introspect': 'True', 'target_path': 'None', 'warn_error_options': 'WarnErrorOptions(include=[], exclude=[])', 'send_anonymous_usage_stats': 'False'}
[0m14:49:53.368671 [warn ] [MainThread]: [[33mWARNING[0m]: Deprecated functionality

User config should be moved from the 'config' key in profiles.yml to the 'flags' key in dbt_project.yml.
[0m14:49:57.281163 [info ] [MainThread]: Registered adapter: bigquery=1.8.2
[0m14:49:57.296777 [debug] [MainThread]: checksum: 56f725a928a7293b3bd04fddce1929d32fad60e8b1163bcfc5571c89e7dca5f2, vars: {'destination_dataset_name': 'hubspot_dataset_test_2_transformed',
 'source_dataset_name': 'hubspot_dataset_test_2'}, profile: bigquery, target: , version: 1.8.7
[0m14:49:57.296777 [info ] [MainThread]: Unable to do partial parsing because saved manifest not found. Starting full parse.
[0m14:49:59.008774 [warn ] [MainThread]: [[33mWARNING[0m]: Deprecated functionality
The `tests` config has been renamed to `data_tests`. Please see
https://docs.getdbt.com/docs/build/data-tests#new-data_tests-syntax for more
information.
[0m14:49:59.008774 [warn ] [MainThread]: [[33mWARNING[0m]: Did not find matching node for patch with name '_dlt_loads' in the 'models' section of file 'models\sources.yml'
[0m14:49:59.008774 [warn ] [MainThread]: [[33mWARNING[0m]: Did not find matching node for patch with name 'companies' in the 'models' section of file 'models\sources.yml'
[0m14:49:59.024414 [warn ] [MainThread]: [[33mWARNING[0m]: Did not find matching node for patch with name 'contacts' in the 'models' section of file 'models\sources.yml'
[0m14:49:59.028503 [warn ] [MainThread]: [[33mWARNING[0m]: Did not find matching node for patch with name 'deals' in the 'models' section of file 'models\sources.yml'
[0m14:49:59.028503 [warn ] [MainThread]: [[33mWARNING[0m]: Did not find matching node for patch with name 'tickets' in the 'models' section of file 'models\sources.yml'
[0m14:49:59.028503 [warn ] [MainThread]: [[33mWARNING[0m]: Did not find matching node for patch with name 'contacts__tickets' in the 'models' section of file 'models\sources.yml'
[0m14:49:59.028503 [warn ] [MainThread]: [[33mWARNING[0m]: Did not find matching node for patch with name 'contacts__deals' in the 'models' section of file 'models\sources.yml'
[0m14:49:59.244432 [warn ] [MainThread]: [[33mWARNING[0m]: Test 'test.hubspot.not_null__dlt_loads_load_id.aced3f4300' (models\sources.yml) depends on a node named '_dlt_loads' in package '' which was not found
[0m14:49:59.244432 [warn ] [MainThread]: [[33mWARNING[0m]: Test 'test.hubspot.not_null__dlt_loads_status.231190b63d' (models\sources.yml) depends on a node named '_dlt_loads' in package '' which was not found
[0m14:49:59.244432 [warn ] [MainThread]: [[33mWARNING[0m]: Test 'test.hubspot.not_null__dlt_loads_inserted_at.94eab1945d' (models\sources.yml) depends on a node named '_dlt_loads' in package '' which was not found
[0m14:49:59.244432 [warn ] [MainThread]: [[33mWARNING[0m]: Test 'test.hubspot.not_null_companies__dlt_load_id.b437b1f86c' (models\sources.yml) depends on a node named 'companies' in package '' which was not found
[0m14:49:59.244432 [warn ] [MainThread]: [[33mWARNING[0m]: Test 'test.hubspot.not_null_companies__dlt_id.3c29b936f2' (models\sources.yml) depends on a node named 'companies' in package '' which was not found
[0m14:49:59.244432 [warn ] [MainThread]: [[33mWARNING[0m]: Test 'test.hubspot.unique_companies__dlt_id.94f7901e32' (models\sources.yml) depends on a node named 'companies' in package '' which was not found
[0m14:49:59.244432 [warn ] [MainThread]: [[33mWARNING[0m]: Test 'test.hubspot.not_null_contacts__dlt_load_id.4c610d76ec' (models\sources.yml) depends on a node named 'contacts' in package '' which was not found
[0m14:49:59.244432 [warn ] [MainThread]: [[33mWARNING[0m]: Test 'test.hubspot.not_null_contacts__dlt_id.a7a5f53b3c' (models\sources.yml) depends on a node named 'contacts' in package '' which was not found
[0m14:49:59.244432 [warn ] [MainThread]: [[33mWARNING[0m]: Test 'test.hubspot.unique_contacts__dlt_id.17d6460707' (models\sources.yml) depends on a node named 'contacts' in package '' which was not found
[0m14:49:59.244432 [warn ] [MainThread]: [[33mWARNING[0m]: Test 'test.hubspot.not_null_deals__dlt_load_id.11fd9db556' (models\sources.yml) depends on a node named 'deals' in package '' which was not found
[0m14:49:59.244432 [warn ] [MainThread]: [[33mWARNING[0m]: Test 'test.hubspot.not_null_deals__dlt_id.a00adccfc3' (models\sources.yml) depends on a node named 'deals' in package '' which was not found
[0m14:49:59.244432 [warn ] [MainThread]: [[33mWARNING[0m]: Test 'test.hubspot.unique_deals__dlt_id.9c5d4d9fe7' (models\sources.yml) depends on a node named 'deals' in package '' which was not found
[0m14:49:59.244432 [warn ] [MainThread]: [[33mWARNING[0m]: Test 'test.hubspot.not_null_tickets__dlt_load_id.47c3e53170' (models\sources.yml) depends on a node named 'tickets' in package '' which was not found
[0m14:49:59.244432 [warn ] [MainThread]: [[33mWARNING[0m]: Test 'test.hubspot.not_null_tickets__dlt_id.76ae6561c6' (models\sources.yml) depends on a node named 'tickets' in package '' which was not found
[0m14:49:59.244432 [warn ] [MainThread]: [[33mWARNING[0m]: Test 'test.hubspot.unique_tickets__dlt_id.a2fa461112' (models\sources.yml) depends on a node named 'tickets' in package '' which was not found
[0m14:49:59.244432 [warn ] [MainThread]: [[33mWARNING[0m]: Test 'test.hubspot.not_null_contacts__tickets__dlt_parent_id.25b97c6ad6' (models\sources.yml) depends on a node named 'contacts__tickets' in package '' which was not found
[0m14:49:59.244432 [warn ] [MainThread]: [[33mWARNING[0m]: Test 'test.hubspot.not_null_contacts__tickets__dlt_list_idx.2258e7072f' (models\sources.yml) depends on a node named 'contacts__tickets' in package '' which was not found
[0m14:49:59.244432 [warn ] [MainThread]: [[33mWARNING[0m]: Test 'test.hubspot.not_null_contacts__tickets__dlt_id.9ec2cb5ca5' (models\sources.yml) depends on a node named 'contacts__tickets' in package '' which was not found
[0m14:49:59.244432 [warn ] [MainThread]: [[33mWARNING[0m]: Test 'test.hubspot.unique_contacts__tickets__dlt_id.a87cc9c07f' (models\sources.yml) depends on a node named 'contacts__tickets' in package '' which was not found
[0m14:49:59.244432 [warn ] [MainThread]: [[33mWARNING[0m]: Test 'test.hubspot.not_null_contacts__deals__dlt_parent_id.43de0092fc' (models\sources.yml) depends on a node named 'contacts__deals' in package '' which was not found
[0m14:49:59.244432 [warn ] [MainThread]: [[33mWARNING[0m]: Test 'test.hubspot.not_null_contacts__deals__dlt_list_idx.28d477d95f' (models\sources.yml) depends on a node named 'contacts__deals' in package '' which was not found
[0m14:49:59.244432 [warn ] [MainThread]: [[33mWARNING[0m]: Test 'test.hubspot.not_null_contacts__deals__dlt_id.9c0b595c36' (models\sources.yml) depends on a node named 'contacts__deals' in package '' which was not found
[0m14:49:59.244432 [warn ] [MainThread]: [[33mWARNING[0m]: Test 'test.hubspot.unique_contacts__deals__dlt_id.a2d062197f' (models\sources.yml) depends on a node named 'contacts__deals' in package '' which was not found
[0m14:49:59.433052 [info ] [MainThread]: Found 18 models, 8 sources, 479 macros
[0m14:49:59.448768 [info ] [MainThread]: 
[0m14:49:59.448768 [warn ] [MainThread]: Nothing to do. Try checking your model configs and model specification args
[0m14:49:59.448768 [debug] [MainThread]: Command end result
[0m14:49:59.464378 [info ] [MainThread]: 
[0m14:49:59.464378 [info ] [MainThread]: [32mCompleted successfully[0m
[0m14:49:59.464378 [info ] [MainThread]: 
[0m14:49:59.464378 [info ] [MainThread]: Done. PASS=0 WARN=0 ERROR=0 SKIP=0 TOTAL=0
[0m14:49:59.464378 [debug] [MainThread]: Command `cli seed` succeeded at 14:49:59.464378 after 6.21 seconds
[0m14:49:59.464378 [debug] [MainThread]: Flushing usage events


============================== 14:50:02.295820 | 2f24df9b-7cc0-490f-a615-875c233d23c9 ==============================
[0m14:50:02.295820 [info ] [MainThread]: Running with dbt=1.8.7
[0m14:50:02.295820 [debug] [MainThread]: running dbt with arguments {'printer_width': '80', 'indirect_selection': 'eager', 'write_json': 'True', 'log_cache_events': 'False', 'partial_parse': 'True', 'cache_selected_only': 'False', 'profiles_dir': 'C:\\Users\\Nikesh\\Documents\\test dbt projects\\Hubspot-2\\myenv\\Lib\\site-packages\\dlt\\helpers\\dbt', 'fail_fast': 'True', 'debug': 'False', 'log_path': 'C:\\Users\\Nikesh\\Documents\\test dbt projects\\Hubspot-2\\dbt_hubspot\\logs', 'warn_error': 'None', 'version_check': 'True', 'use_colors': 'True', 'use_experimental_parser': 'False', 'no_print': 'None', 'quiet': 'True', 'empty': 'False', 'log_format': 'default', 'introspect': 'True', 'warn_error_options': 'WarnErrorOptions(include=[], exclude=[])', 'invocation_command': 'dbt ', 'target_path': 'None', 'static_parser': 'True', 'send_anonymous_usage_stats': 'False'}
[0m14:50:02.295820 [warn ] [MainThread]: [[33mWARNING[0m]: Deprecated functionality

User config should be moved from the 'config' key in profiles.yml to the 'flags' key in dbt_project.yml.
[0m14:50:02.877316 [info ] [MainThread]: Registered adapter: bigquery=1.8.2
[0m14:50:02.877316 [debug] [MainThread]: checksum: 56f725a928a7293b3bd04fddce1929d32fad60e8b1163bcfc5571c89e7dca5f2, vars: {'destination_dataset_name': 'hubspot_dataset_test_2_transformed',
 'source_dataset_name': 'hubspot_dataset_test_2'}, profile: bigquery, target: , version: 1.8.7
[0m14:50:03.003054 [debug] [MainThread]: Partial parsing enabled: 0 files deleted, 0 files added, 0 files changed.
[0m14:50:03.003054 [debug] [MainThread]: Partial parsing enabled, no changes found, skipping parsing
[0m14:50:03.128578 [info ] [MainThread]: Found 18 models, 8 sources, 479 macros
[0m14:50:03.128578 [info ] [MainThread]: 
[0m14:50:03.128578 [debug] [MainThread]: Acquiring new bigquery connection 'master'
[0m14:50:03.137665 [debug] [ThreadPool]: Acquiring new bigquery connection 'list_dlthub-sandbox'
[0m14:50:03.137665 [debug] [ThreadPool]: Opening a new connection, currently in state init
[0m14:50:04.418786 [debug] [ThreadPool]: Re-using an available connection from the pool (formerly list_dlthub-sandbox, now create_dlthub-sandbox_hubspot_dataset_test_2_transformed)
[0m14:50:04.418786 [debug] [ThreadPool]: Creating schema "database: "dlthub-sandbox"
schema: "hubspot_dataset_test_2_transformed"
"
[0m14:50:04.434379 [debug] [ThreadPool]: Opening a new connection, currently in state closed
[0m14:50:04.434379 [debug] [ThreadPool]: On create_dlthub-sandbox_hubspot_dataset_test_2_transformed: /* {"app": "dbt", "dbt_version": "1.8.7", "profile_name": "bigquery", "target_name": "analytics", "connection_name": "create_dlthub-sandbox_hubspot_dataset_test_2_transformed"} */
create schema if not exists `dlthub-sandbox`.`hubspot_dataset_test_2_transformed`
  
[0m14:50:05.110942 [debug] [ThreadPool]: BigQuery adapter: https://console.cloud.google.com/bigquery?project=dlthub-sandbox&j=bq:US:84fe1358-0085-43a2-82ab-759b2abc4ca3&page=queryresults
[0m14:50:06.055238 [debug] [ThreadPool]: Acquiring new bigquery connection 'list_dlthub-sandbox_hubspot_dataset_test_2_transformed'
[0m14:50:06.055238 [debug] [ThreadPool]: Opening a new connection, currently in state init
[0m14:50:06.645338 [info ] [MainThread]: Concurrency: 4 threads (target='analytics')
[0m14:50:06.651349 [info ] [MainThread]: 
[0m14:50:06.651349 [debug] [Thread-1 (]: Began running node model.hubspot.dlt_active_load_ids
[0m14:50:06.651349 [info ] [Thread-1 (]: 1 of 18 START sql table model hubspot_dataset_test_2_transformed.dlt_active_load_ids  [RUN]
[0m14:50:06.651349 [debug] [Thread-1 (]: Acquiring new bigquery connection 'model.hubspot.dlt_active_load_ids'
[0m14:50:06.651349 [debug] [Thread-1 (]: Began compiling node model.hubspot.dlt_active_load_ids
[0m14:50:06.667052 [debug] [Thread-1 (]: Writing injected SQL for node "model.hubspot.dlt_active_load_ids"
[0m14:50:06.667052 [debug] [Thread-1 (]: Began executing node model.hubspot.dlt_active_load_ids
[0m14:50:06.698310 [debug] [Thread-1 (]: Writing runtime sql for node "model.hubspot.dlt_active_load_ids"
[0m14:50:06.698310 [debug] [Thread-1 (]: Opening a new connection, currently in state init
[0m14:50:06.698310 [debug] [Thread-1 (]: On model.hubspot.dlt_active_load_ids: /* {"app": "dbt", "dbt_version": "1.8.7", "profile_name": "bigquery", "target_name": "analytics", "node_id": "model.hubspot.dlt_active_load_ids"} */

  
    

    create or replace table `dlthub-sandbox`.`hubspot_dataset_test_2_transformed`.`dlt_active_load_ids`
      
    
    

    OPTIONS()
    as (
      /* check if the destination already has a list of processed ids
if not we will process all loads with status 0 (==success) */


SELECT load_id FROM `dlthub-sandbox`.`hubspot_dataset_test_2`.`_dlt_loads`
WHERE status = 0
/* exclude already processed load_ids */

    );
  
[0m14:50:07.701870 [debug] [Thread-1 (]: BigQuery adapter: https://console.cloud.google.com/bigquery?project=dlthub-sandbox&j=bq:US:5ba6a77f-08f4-4129-b0f1-00877562cd7c&page=queryresults
[0m14:50:10.180513 [info ] [Thread-1 (]: 1 of 18 OK created sql table model hubspot_dataset_test_2_transformed.dlt_active_load_ids  [[32mCREATE TABLE (3.0 rows, 84.0 Bytes processed)[0m in 3.53s]
[0m14:50:10.180513 [debug] [Thread-1 (]: Finished running node model.hubspot.dlt_active_load_ids
[0m14:50:10.180513 [debug] [Thread-3 (]: Began running node model.hubspot.stg__dlt_loads
[0m14:50:10.180513 [info ] [Thread-3 (]: 2 of 18 START sql table model hubspot_dataset_test_2_transformed.stg__dlt_loads  [RUN]
[0m14:50:10.180513 [debug] [Thread-4 (]: Began running node model.hubspot.stg_companies
[0m14:50:10.180513 [debug] [Thread-3 (]: Acquiring new bigquery connection 'model.hubspot.stg__dlt_loads'
[0m14:50:10.196131 [info ] [Thread-4 (]: 3 of 18 START sql table model hubspot_dataset_test_2_transformed.stg_companies . [RUN]
[0m14:50:10.196131 [debug] [Thread-2 (]: Began running node model.hubspot.stg_contacts
[0m14:50:10.196131 [debug] [Thread-3 (]: Began compiling node model.hubspot.stg__dlt_loads
[0m14:50:10.196131 [debug] [Thread-1 (]: Began running node model.hubspot.stg_deals
[0m14:50:10.196131 [debug] [Thread-4 (]: Acquiring new bigquery connection 'model.hubspot.stg_companies'
[0m14:50:10.196131 [info ] [Thread-2 (]: 4 of 18 START sql table model hubspot_dataset_test_2_transformed.stg_contacts .. [RUN]
[0m14:50:10.196131 [debug] [Thread-3 (]: Writing injected SQL for node "model.hubspot.stg__dlt_loads"
[0m14:50:10.196131 [info ] [Thread-1 (]: 5 of 18 START sql table model hubspot_dataset_test_2_transformed.stg_deals ..... [RUN]
[0m14:50:10.196131 [debug] [Thread-4 (]: Began compiling node model.hubspot.stg_companies
[0m14:50:10.196131 [debug] [Thread-2 (]: Acquiring new bigquery connection 'model.hubspot.stg_contacts'
[0m14:50:10.196131 [debug] [Thread-1 (]: Re-using an available connection from the pool (formerly model.hubspot.dlt_active_load_ids, now model.hubspot.stg_deals)
[0m14:50:10.211688 [debug] [Thread-4 (]: Writing injected SQL for node "model.hubspot.stg_companies"
[0m14:50:10.211688 [debug] [Thread-2 (]: Began compiling node model.hubspot.stg_contacts
[0m14:50:10.211688 [debug] [Thread-1 (]: Began compiling node model.hubspot.stg_deals
[0m14:50:10.211688 [debug] [Thread-2 (]: Writing injected SQL for node "model.hubspot.stg_contacts"
[0m14:50:10.211688 [debug] [Thread-1 (]: Writing injected SQL for node "model.hubspot.stg_deals"
[0m14:50:10.211688 [debug] [Thread-3 (]: Began executing node model.hubspot.stg__dlt_loads
[0m14:50:10.211688 [debug] [Thread-4 (]: Began executing node model.hubspot.stg_companies
[0m14:50:10.227304 [debug] [Thread-3 (]: Writing runtime sql for node "model.hubspot.stg__dlt_loads"
[0m14:50:10.227304 [debug] [Thread-4 (]: Writing runtime sql for node "model.hubspot.stg_companies"
[0m14:50:10.227304 [debug] [Thread-1 (]: Began executing node model.hubspot.stg_deals
[0m14:50:10.227304 [debug] [Thread-2 (]: Began executing node model.hubspot.stg_contacts
[0m14:50:10.227304 [debug] [Thread-1 (]: Writing runtime sql for node "model.hubspot.stg_deals"
[0m14:50:10.243008 [debug] [Thread-2 (]: Writing runtime sql for node "model.hubspot.stg_contacts"
[0m14:50:10.243008 [debug] [Thread-4 (]: Opening a new connection, currently in state init
[0m14:50:10.243008 [debug] [Thread-4 (]: On model.hubspot.stg_companies: /* {"app": "dbt", "dbt_version": "1.8.7", "profile_name": "bigquery", "target_name": "analytics", "node_id": "model.hubspot.stg_companies"} */

  
    

    create or replace table `dlthub-sandbox`.`hubspot_dataset_test_2_transformed`.`stg_companies`
      
    
    

    OPTIONS()
    as (
      /* Table: companies */


-- depends_on: `dlthub-sandbox`.`hubspot_dataset_test_2_transformed`.`dlt_active_load_ids`

SELECT
/* select which columns will be available for table 'companies' */
    createdate,
    hs_lastmodifieddate,
    hs_object_id,
    hubspot_owner_assigneddate,
    hubspot_owner_id,
    lifecyclestage,
    name,
    num_associated_contacts,
    id,
    _dlt_load_id,
    _dlt_id,
FROM `dlthub-sandbox`.`hubspot_dataset_test_2`.`companies`

/* we only load table items of the currently active load ids into the staging table */
WHERE _dlt_load_id IN ( SELECT load_id FROM  `dlthub-sandbox`.`hubspot_dataset_test_2_transformed`.`dlt_active_load_ids` )
    );
  
[0m14:50:10.243008 [debug] [Thread-3 (]: Opening a new connection, currently in state init
[0m14:50:10.290534 [debug] [Thread-3 (]: On model.hubspot.stg__dlt_loads: /* {"app": "dbt", "dbt_version": "1.8.7", "profile_name": "bigquery", "target_name": "analytics", "node_id": "model.hubspot.stg__dlt_loads"} */

  
    

    create or replace table `dlthub-sandbox`.`hubspot_dataset_test_2_transformed`.`stg__dlt_loads`
      
    
    

    OPTIONS()
    as (
      /* Table: _dlt_loads */
/* Description: Created by DLT. Tracks completed loads */


-- depends_on: `dlthub-sandbox`.`hubspot_dataset_test_2_transformed`.`dlt_active_load_ids`

SELECT
/* select which columns will be available for table '_dlt_loads' */
    load_id,
    schema_name,
    status,
    inserted_at,
    schema_version_hash,
FROM `dlthub-sandbox`.`hubspot_dataset_test_2`.`_dlt_loads`
    );
  
[0m14:50:10.337332 [debug] [Thread-2 (]: Opening a new connection, currently in state init
[0m14:50:10.337332 [debug] [Thread-2 (]: On model.hubspot.stg_contacts: /* {"app": "dbt", "dbt_version": "1.8.7", "profile_name": "bigquery", "target_name": "analytics", "node_id": "model.hubspot.stg_contacts"} */

  
    

    create or replace table `dlthub-sandbox`.`hubspot_dataset_test_2_transformed`.`stg_contacts`
      
    
    

    OPTIONS()
    as (
      /* Table: contacts */


-- depends_on: `dlthub-sandbox`.`hubspot_dataset_test_2_transformed`.`dlt_active_load_ids`

SELECT
/* select which columns will be available for table 'contacts' */
    city,
    company,
    createdate,
    email,
    firstname,
    hs_object_id,
    jobtitle,
    lastmodifieddate,
    lastname,
    lifecyclestage,
    num_conversion_events,
    num_unique_conversion_events,
    state,
    website,
    id,
    _dlt_load_id,
    _dlt_id,
    twitterhandle,
    twitterprofilephoto,
    first_deal_created_date,
    hubspot_owner_assigneddate,
    hubspot_owner_id,
    num_associated_deals,
    phone,
    notes_last_contacted,
    notes_last_updated,
    num_contacted_notes,
    num_notes,
    address,
    zip,
FROM `dlthub-sandbox`.`hubspot_dataset_test_2`.`contacts`

/* we only load table items of the currently active load ids into the staging table */
WHERE _dlt_load_id IN ( SELECT load_id FROM  `dlthub-sandbox`.`hubspot_dataset_test_2_transformed`.`dlt_active_load_ids` )
    );
  
[0m14:50:10.353044 [debug] [Thread-1 (]: Opening a new connection, currently in state closed
[0m14:50:10.353044 [debug] [Thread-1 (]: On model.hubspot.stg_deals: /* {"app": "dbt", "dbt_version": "1.8.7", "profile_name": "bigquery", "target_name": "analytics", "node_id": "model.hubspot.stg_deals"} */

  
    

    create or replace table `dlthub-sandbox`.`hubspot_dataset_test_2_transformed`.`stg_deals`
      
    
    

    OPTIONS()
    as (
      /* Table: deals */


-- depends_on: `dlthub-sandbox`.`hubspot_dataset_test_2_transformed`.`dlt_active_load_ids`

SELECT
/* select which columns will be available for table 'deals' */
    closedate,
    createdate,
    days_to_close,
    dealname,
    dealstage,
    hs_lastmodifieddate,
    hs_object_id,
    hubspot_owner_assigneddate,
    hubspot_owner_id,
    num_associated_contacts,
    pipeline,
    id,
    _dlt_load_id,
    _dlt_id,
FROM `dlthub-sandbox`.`hubspot_dataset_test_2`.`deals`

/* we only load table items of the currently active load ids into the staging table */
WHERE _dlt_load_id IN ( SELECT load_id FROM  `dlthub-sandbox`.`hubspot_dataset_test_2_transformed`.`dlt_active_load_ids` )
    );
  
[0m14:50:11.311675 [debug] [Thread-4 (]: BigQuery adapter: https://console.cloud.google.com/bigquery?project=dlthub-sandbox&j=bq:US:8de3aa50-b94f-422a-b48e-eb2ac8a38986&page=queryresults
[0m14:50:11.327333 [debug] [Thread-3 (]: BigQuery adapter: https://console.cloud.google.com/bigquery?project=dlthub-sandbox&j=bq:US:4331354b-9a88-434c-a1a0-091d90a6d14a&page=queryresults
[0m14:50:11.421207 [debug] [Thread-1 (]: BigQuery adapter: https://console.cloud.google.com/bigquery?project=dlthub-sandbox&j=bq:US:6c97964e-4b37-4d60-84d1-92a529f7301e&page=queryresults
[0m14:50:11.515738 [debug] [Thread-2 (]: BigQuery adapter: https://console.cloud.google.com/bigquery?project=dlthub-sandbox&j=bq:US:210c3533-cde3-41c2-868d-7ca0ad914011&page=queryresults
[0m14:50:13.767369 [info ] [Thread-3 (]: 2 of 18 OK created sql table model hubspot_dataset_test_2_transformed.stg__dlt_loads  [[32mCREATE TABLE (3.0 rows, 273.0 Bytes processed)[0m in 3.59s]
[0m14:50:13.776968 [debug] [Thread-3 (]: Finished running node model.hubspot.stg__dlt_loads
[0m14:50:13.776968 [debug] [Thread-3 (]: Began running node model.hubspot.stg_tickets
[0m14:50:13.776968 [info ] [Thread-3 (]: 6 of 18 START sql table model hubspot_dataset_test_2_transformed.stg_tickets ... [RUN]
[0m14:50:13.776968 [debug] [Thread-3 (]: Re-using an available connection from the pool (formerly model.hubspot.stg__dlt_loads, now model.hubspot.stg_tickets)
[0m14:50:13.776968 [debug] [Thread-3 (]: Began compiling node model.hubspot.stg_tickets
[0m14:50:13.776968 [debug] [Thread-3 (]: Writing injected SQL for node "model.hubspot.stg_tickets"
[0m14:50:13.776968 [debug] [Thread-3 (]: Began executing node model.hubspot.stg_tickets
[0m14:50:13.792677 [debug] [Thread-3 (]: Writing runtime sql for node "model.hubspot.stg_tickets"
[0m14:50:13.792677 [debug] [Thread-3 (]: Opening a new connection, currently in state closed
[0m14:50:13.792677 [debug] [Thread-3 (]: On model.hubspot.stg_tickets: /* {"app": "dbt", "dbt_version": "1.8.7", "profile_name": "bigquery", "target_name": "analytics", "node_id": "model.hubspot.stg_tickets"} */

  
    

    create or replace table `dlthub-sandbox`.`hubspot_dataset_test_2_transformed`.`stg_tickets`
      
    
    

    OPTIONS()
    as (
      /* Table: tickets */


-- depends_on: `dlthub-sandbox`.`hubspot_dataset_test_2_transformed`.`dlt_active_load_ids`

SELECT
/* select which columns will be available for table 'tickets' */
    createdate,
    hs_lastmodifieddate,
    hs_object_id,
    hs_pipeline,
    hs_pipeline_stage,
    subject,
    id,
    _dlt_load_id,
    _dlt_id,
FROM `dlthub-sandbox`.`hubspot_dataset_test_2`.`tickets`

/* we only load table items of the currently active load ids into the staging table */
WHERE _dlt_load_id IN ( SELECT load_id FROM  `dlthub-sandbox`.`hubspot_dataset_test_2_transformed`.`dlt_active_load_ids` )
    );
  
[0m14:50:13.870986 [info ] [Thread-1 (]: 5 of 18 OK created sql table model hubspot_dataset_test_2_transformed.stg_deals  [[32mCREATE TABLE (1.0 rows, 214.0 Bytes processed)[0m in 3.67s]
[0m14:50:13.870986 [debug] [Thread-1 (]: Finished running node model.hubspot.stg_deals
[0m14:50:13.870986 [debug] [Thread-1 (]: Began running node model.hubspot.dim__dlt_loads
[0m14:50:13.886692 [info ] [Thread-1 (]: 7 of 18 START sql incremental model hubspot_dataset_test_2_transformed.dim__dlt_loads  [RUN]
[0m14:50:13.886692 [debug] [Thread-1 (]: Re-using an available connection from the pool (formerly model.hubspot.stg_deals, now model.hubspot.dim__dlt_loads)
[0m14:50:13.886692 [debug] [Thread-1 (]: Began compiling node model.hubspot.dim__dlt_loads
[0m14:50:13.886692 [debug] [Thread-1 (]: Writing injected SQL for node "model.hubspot.dim__dlt_loads"
[0m14:50:13.886692 [debug] [Thread-1 (]: Began executing node model.hubspot.dim__dlt_loads
[0m14:50:13.917946 [debug] [Thread-1 (]: Writing runtime sql for node "model.hubspot.dim__dlt_loads"
[0m14:50:13.917946 [debug] [Thread-1 (]: Opening a new connection, currently in state closed
[0m14:50:13.917946 [debug] [Thread-1 (]: On model.hubspot.dim__dlt_loads: /* {"app": "dbt", "dbt_version": "1.8.7", "profile_name": "bigquery", "target_name": "analytics", "node_id": "model.hubspot.dim__dlt_loads"} */

  
    

    create or replace table `dlthub-sandbox`.`hubspot_dataset_test_2_transformed`.`dim__dlt_loads`
      
    
    

    OPTIONS()
    as (
      /* Table: _dlt_loads */

/* Description: Created by DLT. Tracks completed loads */
SELECT
    t.load_id,
    t.schema_name,
    t.status,
    t.inserted_at,
    t.schema_version_hash,
FROM  `dlthub-sandbox`.`hubspot_dataset_test_2_transformed`.`stg__dlt_loads` as t
    );
  
[0m14:50:14.075461 [info ] [Thread-4 (]: 3 of 18 OK created sql table model hubspot_dataset_test_2_transformed.stg_companies  [[32mCREATE TABLE (1.0 rows, 176.0 Bytes processed)[0m in 3.88s]
[0m14:50:14.075461 [debug] [Thread-4 (]: Finished running node model.hubspot.stg_companies
[0m14:50:14.075461 [info ] [Thread-2 (]: 4 of 18 OK created sql table model hubspot_dataset_test_2_transformed.stg_contacts  [[32mCREATE TABLE (36.0 rows, 6.2 KiB processed)[0m in 3.88s]
[0m14:50:14.075461 [debug] [Thread-4 (]: Began running node model.hubspot.dim_deals
[0m14:50:14.075461 [debug] [Thread-2 (]: Finished running node model.hubspot.stg_contacts
[0m14:50:14.075461 [info ] [Thread-4 (]: 8 of 18 START sql incremental model hubspot_dataset_test_2_transformed.dim_deals  [RUN]
[0m14:50:14.075461 [debug] [Thread-2 (]: Began running node model.hubspot.dim_companies
[0m14:50:14.091171 [debug] [Thread-4 (]: Re-using an available connection from the pool (formerly model.hubspot.stg_companies, now model.hubspot.dim_deals)
[0m14:50:14.091171 [info ] [Thread-2 (]: 9 of 18 START sql incremental model hubspot_dataset_test_2_transformed.dim_companies  [RUN]
[0m14:50:14.091171 [debug] [Thread-4 (]: Began compiling node model.hubspot.dim_deals
[0m14:50:14.091171 [debug] [Thread-2 (]: Re-using an available connection from the pool (formerly model.hubspot.stg_contacts, now model.hubspot.dim_companies)
[0m14:50:14.091171 [debug] [Thread-4 (]: Writing injected SQL for node "model.hubspot.dim_deals"
[0m14:50:14.091171 [debug] [Thread-2 (]: Began compiling node model.hubspot.dim_companies
[0m14:50:14.091171 [debug] [Thread-2 (]: Writing injected SQL for node "model.hubspot.dim_companies"
[0m14:50:14.091171 [debug] [Thread-4 (]: Began executing node model.hubspot.dim_deals
[0m14:50:14.091171 [debug] [Thread-2 (]: Began executing node model.hubspot.dim_companies
[0m14:50:14.106795 [debug] [Thread-2 (]: Writing runtime sql for node "model.hubspot.dim_companies"
[0m14:50:14.106795 [debug] [Thread-4 (]: Writing runtime sql for node "model.hubspot.dim_deals"
[0m14:50:14.106795 [debug] [Thread-2 (]: Opening a new connection, currently in state closed
[0m14:50:14.106795 [debug] [Thread-2 (]: On model.hubspot.dim_companies: /* {"app": "dbt", "dbt_version": "1.8.7", "profile_name": "bigquery", "target_name": "analytics", "node_id": "model.hubspot.dim_companies"} */

  
    

    create or replace table `dlthub-sandbox`.`hubspot_dataset_test_2_transformed`.`dim_companies`
      
    
    

    OPTIONS()
    as (
      /* Table: companies */

SELECT
    t.createdate,
    t.hs_lastmodifieddate,
    t.hs_object_id,
    t.hubspot_owner_assigneddate,
    t.hubspot_owner_id,
    t.lifecyclestage,
    t.name,
    t.num_associated_contacts,
    t.id,
    t._dlt_load_id,
    t._dlt_id,
FROM  `dlthub-sandbox`.`hubspot_dataset_test_2_transformed`.`stg_companies` as t
    );
  
[0m14:50:14.137959 [debug] [Thread-4 (]: Opening a new connection, currently in state closed
[0m14:50:14.141805 [debug] [Thread-4 (]: On model.hubspot.dim_deals: /* {"app": "dbt", "dbt_version": "1.8.7", "profile_name": "bigquery", "target_name": "analytics", "node_id": "model.hubspot.dim_deals"} */

  
    

    create or replace table `dlthub-sandbox`.`hubspot_dataset_test_2_transformed`.`dim_deals`
      
    
    

    OPTIONS()
    as (
      /* Table: deals */

SELECT
    t.closedate,
    t.createdate,
    t.days_to_close,
    t.dealname,
    t.dealstage,
    t.hs_lastmodifieddate,
    t.hs_object_id,
    t.hubspot_owner_assigneddate,
    t.hubspot_owner_id,
    t.num_associated_contacts,
    t.pipeline,
    t.id,
    t._dlt_load_id,
    t._dlt_id,
FROM  `dlthub-sandbox`.`hubspot_dataset_test_2_transformed`.`stg_deals` as t
    );
  
[0m14:50:14.734568 [debug] [Thread-3 (]: BigQuery adapter: https://console.cloud.google.com/bigquery?project=dlthub-sandbox&j=bq:US:7440bf62-2c1f-4302-bcf5-66bf274bb4fc&page=queryresults
[0m14:50:14.813149 [debug] [Thread-1 (]: BigQuery adapter: https://console.cloud.google.com/bigquery?project=dlthub-sandbox&j=bq:US:e4957076-0537-40b3-8299-de3b3a16692d&page=queryresults
[0m14:50:15.017558 [debug] [Thread-4 (]: BigQuery adapter: https://console.cloud.google.com/bigquery?project=dlthub-sandbox&j=bq:US:16243c70-293c-4428-9309-aa65f83485b8&page=queryresults
[0m14:50:15.071016 [debug] [Thread-2 (]: BigQuery adapter: https://console.cloud.google.com/bigquery?project=dlthub-sandbox&j=bq:US:c25c0af4-4428-4311-a70c-743aee9e9df9&page=queryresults
[0m14:50:17.169452 [info ] [Thread-4 (]: 8 of 18 OK created sql incremental model hubspot_dataset_test_2_transformed.dim_deals  [[32mCREATE TABLE (1.0 rows, 154.0 Bytes processed)[0m in 3.08s]
[0m14:50:17.169452 [debug] [Thread-4 (]: Finished running node model.hubspot.dim_deals
[0m14:50:17.169452 [debug] [Thread-4 (]: Began running node model.hubspot.dim_contacts
[0m14:50:17.169452 [info ] [Thread-4 (]: 10 of 18 START sql incremental model hubspot_dataset_test_2_transformed.dim_contacts  [RUN]
[0m14:50:17.169452 [debug] [Thread-4 (]: Re-using an available connection from the pool (formerly model.hubspot.dim_deals, now model.hubspot.dim_contacts)
[0m14:50:17.169452 [debug] [Thread-4 (]: Began compiling node model.hubspot.dim_contacts
[0m14:50:17.177534 [debug] [Thread-4 (]: Writing injected SQL for node "model.hubspot.dim_contacts"
[0m14:50:17.177534 [info ] [Thread-3 (]: 6 of 18 OK created sql table model hubspot_dataset_test_2_transformed.stg_tickets  [[32mCREATE TABLE (1.0 rows, 178.0 Bytes processed)[0m in 3.40s]
[0m14:50:17.185544 [info ] [Thread-1 (]: 7 of 18 OK created sql incremental model hubspot_dataset_test_2_transformed.dim__dlt_loads  [[32mCREATE TABLE (3.0 rows, 273.0 Bytes processed)[0m in 3.30s]
[0m14:50:17.185544 [debug] [Thread-3 (]: Finished running node model.hubspot.stg_tickets
[0m14:50:17.185544 [debug] [Thread-1 (]: Finished running node model.hubspot.dim__dlt_loads
[0m14:50:17.185544 [debug] [Thread-3 (]: Began running node model.hubspot.stg_contacts__deals
[0m14:50:17.185544 [debug] [Thread-1 (]: Began running node model.hubspot.stg_contacts__tickets
[0m14:50:17.185544 [debug] [Thread-4 (]: Began executing node model.hubspot.dim_contacts
[0m14:50:17.185544 [info ] [Thread-3 (]: 11 of 18 START sql table model hubspot_dataset_test_2_transformed.stg_contacts__deals  [RUN]
[0m14:50:17.185544 [info ] [Thread-1 (]: 12 of 18 START sql table model hubspot_dataset_test_2_transformed.stg_contacts__tickets  [RUN]
[0m14:50:17.185544 [debug] [Thread-4 (]: Writing runtime sql for node "model.hubspot.dim_contacts"
[0m14:50:17.185544 [debug] [Thread-3 (]: Re-using an available connection from the pool (formerly model.hubspot.stg_tickets, now model.hubspot.stg_contacts__deals)
[0m14:50:17.185544 [debug] [Thread-1 (]: Re-using an available connection from the pool (formerly model.hubspot.dim__dlt_loads, now model.hubspot.stg_contacts__tickets)
[0m14:50:17.201256 [debug] [Thread-3 (]: Began compiling node model.hubspot.stg_contacts__deals
[0m14:50:17.201256 [debug] [Thread-1 (]: Began compiling node model.hubspot.stg_contacts__tickets
[0m14:50:17.201256 [debug] [Thread-3 (]: Writing injected SQL for node "model.hubspot.stg_contacts__deals"
[0m14:50:17.201256 [debug] [Thread-1 (]: Writing injected SQL for node "model.hubspot.stg_contacts__tickets"
[0m14:50:17.201256 [debug] [Thread-4 (]: Opening a new connection, currently in state closed
[0m14:50:17.216876 [debug] [Thread-4 (]: On model.hubspot.dim_contacts: /* {"app": "dbt", "dbt_version": "1.8.7", "profile_name": "bigquery", "target_name": "analytics", "node_id": "model.hubspot.dim_contacts"} */

  
    

    create or replace table `dlthub-sandbox`.`hubspot_dataset_test_2_transformed`.`dim_contacts`
      
    
    

    OPTIONS()
    as (
      /* Table: contacts */

SELECT
    t.city,
    t.company,
    t.createdate,
    t.email,
    t.firstname,
    t.hs_object_id,
    t.jobtitle,
    t.lastmodifieddate,
    t.lastname,
    t.lifecyclestage,
    t.num_conversion_events,
    t.num_unique_conversion_events,
    t.state,
    t.website,
    t.id,
    t._dlt_load_id,
    t._dlt_id,
    t.twitterhandle,
    t.twitterprofilephoto,
    t.first_deal_created_date,
    t.hubspot_owner_assigneddate,
    t.hubspot_owner_id,
    t.num_associated_deals,
    t.phone,
    t.notes_last_contacted,
    t.notes_last_updated,
    t.num_contacted_notes,
    t.num_notes,
    t.address,
    t.zip,
FROM  `dlthub-sandbox`.`hubspot_dataset_test_2_transformed`.`stg_contacts` as t
    );
  
[0m14:50:17.248114 [debug] [Thread-3 (]: Began executing node model.hubspot.stg_contacts__deals
[0m14:50:17.248114 [debug] [Thread-3 (]: Writing runtime sql for node "model.hubspot.stg_contacts__deals"
[0m14:50:17.248114 [debug] [Thread-1 (]: Began executing node model.hubspot.stg_contacts__tickets
[0m14:50:17.263746 [debug] [Thread-1 (]: Writing runtime sql for node "model.hubspot.stg_contacts__tickets"
[0m14:50:17.263746 [debug] [Thread-3 (]: Opening a new connection, currently in state closed
[0m14:50:17.263746 [debug] [Thread-3 (]: On model.hubspot.stg_contacts__deals: /* {"app": "dbt", "dbt_version": "1.8.7", "profile_name": "bigquery", "target_name": "analytics", "node_id": "model.hubspot.stg_contacts__deals"} */

  
    

    create or replace table `dlthub-sandbox`.`hubspot_dataset_test_2_transformed`.`stg_contacts__deals`
      
    
    

    OPTIONS()
    as (
      /* Table: contacts__deals */
/* Parent: { parent }} */


-- depends_on: `dlthub-sandbox`.`hubspot_dataset_test_2_transformed`.`dlt_active_load_ids`
-- depends_on: `dlthub-sandbox`.`hubspot_dataset_test_2_transformed`.`stg_contacts`

SELECT
/* select which columns will be available for table 'contacts__deals' */
    value,
    deals_id,
    _dlt_parent_id,
    _dlt_list_idx,
    _dlt_id,
FROM `dlthub-sandbox`.`hubspot_dataset_test_2`.`contacts__deals`

/* we only load table items if the parent table has the parent item */
WHERE _dlt_parent_id IN ( SELECT _dlt_id FROM `dlthub-sandbox`.`hubspot_dataset_test_2_transformed`.`stg_contacts` )
    );
  
[0m14:50:17.295645 [info ] [Thread-2 (]: 9 of 18 OK created sql incremental model hubspot_dataset_test_2_transformed.dim_companies  [[32mCREATE TABLE (1.0 rows, 116.0 Bytes processed)[0m in 3.20s]
[0m14:50:17.295645 [debug] [Thread-2 (]: Finished running node model.hubspot.dim_companies
[0m14:50:17.295645 [debug] [Thread-1 (]: Opening a new connection, currently in state closed
[0m14:50:17.295645 [debug] [Thread-2 (]: Began running node model.hubspot.dim_tickets
[0m14:50:17.295645 [debug] [Thread-1 (]: On model.hubspot.stg_contacts__tickets: /* {"app": "dbt", "dbt_version": "1.8.7", "profile_name": "bigquery", "target_name": "analytics", "node_id": "model.hubspot.stg_contacts__tickets"} */

  
    

    create or replace table `dlthub-sandbox`.`hubspot_dataset_test_2_transformed`.`stg_contacts__tickets`
      
    
    

    OPTIONS()
    as (
      /* Table: contacts__tickets */
/* Parent: { parent }} */


-- depends_on: `dlthub-sandbox`.`hubspot_dataset_test_2_transformed`.`dlt_active_load_ids`
-- depends_on: `dlthub-sandbox`.`hubspot_dataset_test_2_transformed`.`stg_contacts`

SELECT
/* select which columns will be available for table 'contacts__tickets' */
    value,
    tickets_id,
    _dlt_parent_id,
    _dlt_list_idx,
    _dlt_id,
FROM `dlthub-sandbox`.`hubspot_dataset_test_2`.`contacts__tickets`

/* we only load table items if the parent table has the parent item */
WHERE _dlt_parent_id IN ( SELECT _dlt_id FROM `dlthub-sandbox`.`hubspot_dataset_test_2_transformed`.`stg_contacts` )
    );
  
[0m14:50:17.295645 [info ] [Thread-2 (]: 13 of 18 START sql incremental model hubspot_dataset_test_2_transformed.dim_tickets  [RUN]
[0m14:50:17.326897 [debug] [Thread-2 (]: Re-using an available connection from the pool (formerly model.hubspot.dim_companies, now model.hubspot.dim_tickets)
[0m14:50:17.326897 [debug] [Thread-2 (]: Began compiling node model.hubspot.dim_tickets
[0m14:50:17.326897 [debug] [Thread-2 (]: Writing injected SQL for node "model.hubspot.dim_tickets"
[0m14:50:17.326897 [debug] [Thread-2 (]: Began executing node model.hubspot.dim_tickets
[0m14:50:17.342521 [debug] [Thread-2 (]: Writing runtime sql for node "model.hubspot.dim_tickets"
[0m14:50:17.342521 [debug] [Thread-2 (]: Opening a new connection, currently in state closed
[0m14:50:17.342521 [debug] [Thread-2 (]: On model.hubspot.dim_tickets: /* {"app": "dbt", "dbt_version": "1.8.7", "profile_name": "bigquery", "target_name": "analytics", "node_id": "model.hubspot.dim_tickets"} */

  
    

    create or replace table `dlthub-sandbox`.`hubspot_dataset_test_2_transformed`.`dim_tickets`
      
    
    

    OPTIONS()
    as (
      /* Table: tickets */

SELECT
    t.createdate,
    t.hs_lastmodifieddate,
    t.hs_object_id,
    t.hs_pipeline,
    t.hs_pipeline_stage,
    t.subject,
    t.id,
    t._dlt_load_id,
    t._dlt_id,
FROM  `dlthub-sandbox`.`hubspot_dataset_test_2_transformed`.`stg_tickets` as t
    );
  
[0m14:50:18.399784 [debug] [Thread-3 (]: BigQuery adapter: https://console.cloud.google.com/bigquery?project=dlthub-sandbox&j=bq:US:2cce81f9-ff75-4517-8867-059bcc33f1d5&page=queryresults
[0m14:50:18.399784 [debug] [Thread-4 (]: BigQuery adapter: https://console.cloud.google.com/bigquery?project=dlthub-sandbox&j=bq:US:827e4175-bc6b-4d7d-8c8c-c40e304b4923&page=queryresults
[0m14:50:18.509816 [debug] [Thread-1 (]: BigQuery adapter: https://console.cloud.google.com/bigquery?project=dlthub-sandbox&j=bq:US:07d3bcc6-c408-412e-8b29-cde0e7b13947&page=queryresults
[0m14:50:19.025491 [debug] [Thread-2 (]: BigQuery adapter: https://console.cloud.google.com/bigquery?project=dlthub-sandbox&j=bq:US:5571b310-b82f-4c02-81f3-b4687db3613d&page=queryresults
[0m14:50:20.670882 [info ] [Thread-4 (]: 10 of 18 OK created sql incremental model hubspot_dataset_test_2_transformed.dim_contacts  [[32mCREATE TABLE (36.0 rows, 6.1 KiB processed)[0m in 3.50s]
[0m14:50:20.670882 [debug] [Thread-4 (]: Finished running node model.hubspot.dim_contacts
[0m14:50:20.871109 [info ] [Thread-3 (]: 11 of 18 OK created sql table model hubspot_dataset_test_2_transformed.stg_contacts__deals  [[32mCREATE TABLE (1.0 rows, 634.0 Bytes processed)[0m in 3.69s]
[0m14:50:20.871109 [debug] [Thread-3 (]: Finished running node model.hubspot.stg_contacts__deals
[0m14:50:20.871109 [debug] [Thread-4 (]: Began running node model.hubspot.dim_contacts__deals
[0m14:50:20.871109 [info ] [Thread-4 (]: 14 of 18 START sql incremental model hubspot_dataset_test_2_transformed.dim_contacts__deals  [RUN]
[0m14:50:20.871109 [debug] [Thread-4 (]: Re-using an available connection from the pool (formerly model.hubspot.dim_contacts, now model.hubspot.dim_contacts__deals)
[0m14:50:20.871109 [debug] [Thread-4 (]: Began compiling node model.hubspot.dim_contacts__deals
[0m14:50:20.887264 [debug] [Thread-4 (]: Writing injected SQL for node "model.hubspot.dim_contacts__deals"
[0m14:50:20.887264 [debug] [Thread-4 (]: Began executing node model.hubspot.dim_contacts__deals
[0m14:50:20.887264 [debug] [Thread-4 (]: Writing runtime sql for node "model.hubspot.dim_contacts__deals"
[0m14:50:20.887264 [debug] [Thread-4 (]: Opening a new connection, currently in state closed
[0m14:50:20.887264 [debug] [Thread-4 (]: On model.hubspot.dim_contacts__deals: /* {"app": "dbt", "dbt_version": "1.8.7", "profile_name": "bigquery", "target_name": "analytics", "node_id": "model.hubspot.dim_contacts__deals"} */

  
    

    create or replace table `dlthub-sandbox`.`hubspot_dataset_test_2_transformed`.`dim_contacts__deals`
      
    
    

    OPTIONS()
    as (
      /* Table: contacts__deals */
/* Parent: contacts */

SELECT
    t.value,
    t.deals_id,
    t._dlt_parent_id,
    t._dlt_list_idx,
    t._dlt_id,
FROM  `dlthub-sandbox`.`hubspot_dataset_test_2_transformed`.`stg_contacts__deals` as t
/* this join to the parent table is not necessarily needed for this template to work */
JOIN `dlthub-sandbox`.`hubspot_dataset_test_2_transformed`.`stg_contacts` as pt
ON (t._dlt_parent_id = pt._dlt_id)
    );
  
[0m14:50:21.153888 [info ] [Thread-1 (]: 12 of 18 OK created sql table model hubspot_dataset_test_2_transformed.stg_contacts__tickets  [[32mCREATE TABLE (1.0 rows, 631.0 Bytes processed)[0m in 3.97s]
[0m14:50:21.153888 [debug] [Thread-1 (]: Finished running node model.hubspot.stg_contacts__tickets
[0m14:50:21.153888 [debug] [Thread-3 (]: Began running node model.hubspot.dim_contacts__tickets
[0m14:50:21.153888 [info ] [Thread-3 (]: 15 of 18 START sql incremental model hubspot_dataset_test_2_transformed.dim_contacts__tickets  [RUN]
[0m14:50:21.153888 [debug] [Thread-3 (]: Re-using an available connection from the pool (formerly model.hubspot.stg_contacts__deals, now model.hubspot.dim_contacts__tickets)
[0m14:50:21.153888 [debug] [Thread-3 (]: Began compiling node model.hubspot.dim_contacts__tickets
[0m14:50:21.169480 [debug] [Thread-3 (]: Writing injected SQL for node "model.hubspot.dim_contacts__tickets"
[0m14:50:21.169480 [info ] [Thread-2 (]: 13 of 18 OK created sql incremental model hubspot_dataset_test_2_transformed.dim_tickets  [[32mCREATE TABLE (1.0 rows, 118.0 Bytes processed)[0m in 3.84s]
[0m14:50:21.169480 [debug] [Thread-2 (]: Finished running node model.hubspot.dim_tickets
[0m14:50:21.169480 [debug] [Thread-3 (]: Began executing node model.hubspot.dim_contacts__tickets
[0m14:50:21.169480 [debug] [Thread-3 (]: Writing runtime sql for node "model.hubspot.dim_contacts__tickets"
[0m14:50:21.169480 [debug] [Thread-3 (]: Opening a new connection, currently in state closed
[0m14:50:21.185113 [debug] [Thread-3 (]: On model.hubspot.dim_contacts__tickets: /* {"app": "dbt", "dbt_version": "1.8.7", "profile_name": "bigquery", "target_name": "analytics", "node_id": "model.hubspot.dim_contacts__tickets"} */

  
    

    create or replace table `dlthub-sandbox`.`hubspot_dataset_test_2_transformed`.`dim_contacts__tickets`
      
    
    

    OPTIONS()
    as (
      /* Table: contacts__tickets */
/* Parent: contacts */

SELECT
    t.value,
    t.tickets_id,
    t._dlt_parent_id,
    t._dlt_list_idx,
    t._dlt_id,
FROM  `dlthub-sandbox`.`hubspot_dataset_test_2_transformed`.`stg_contacts__tickets` as t
/* this join to the parent table is not necessarily needed for this template to work */
JOIN `dlthub-sandbox`.`hubspot_dataset_test_2_transformed`.`stg_contacts` as pt
ON (t._dlt_parent_id = pt._dlt_id)
    );
  
[0m14:50:21.857664 [debug] [Thread-4 (]: BigQuery adapter: https://console.cloud.google.com/bigquery?project=dlthub-sandbox&j=bq:US:3bc9df07-5652-4b0d-8e74-ccba637b923d&page=queryresults
[0m14:50:22.112807 [debug] [Thread-3 (]: BigQuery adapter: https://console.cloud.google.com/bigquery?project=dlthub-sandbox&j=bq:US:df686254-6a93-493d-abe3-d7249eecb850&page=queryresults
[0m14:50:24.358385 [info ] [Thread-4 (]: 14 of 18 OK created sql incremental model hubspot_dataset_test_2_transformed.dim_contacts__deals  [[32mCREATE TABLE (1.0 rows, 634.0 Bytes processed)[0m in 3.49s]
[0m14:50:24.358385 [debug] [Thread-4 (]: Finished running node model.hubspot.dim_contacts__deals
[0m14:50:24.358385 [debug] [Thread-1 (]: Began running node model.hubspot.fact_deals
[0m14:50:24.358385 [info ] [Thread-1 (]: 16 of 18 START sql incremental model hubspot_dataset_test_2_transformed.fact_deals  [RUN]
[0m14:50:24.358385 [debug] [Thread-1 (]: Re-using an available connection from the pool (formerly model.hubspot.stg_contacts__tickets, now model.hubspot.fact_deals)
[0m14:50:24.358385 [debug] [Thread-1 (]: Began compiling node model.hubspot.fact_deals
[0m14:50:24.373976 [debug] [Thread-1 (]: Writing injected SQL for node "model.hubspot.fact_deals"
[0m14:50:24.373976 [debug] [Thread-1 (]: Began executing node model.hubspot.fact_deals
[0m14:50:24.373976 [debug] [Thread-1 (]: Writing runtime sql for node "model.hubspot.fact_deals"
[0m14:50:24.373976 [debug] [Thread-1 (]: Opening a new connection, currently in state closed
[0m14:50:24.373976 [debug] [Thread-1 (]: On model.hubspot.fact_deals: /* {"app": "dbt", "dbt_version": "1.8.7", "profile_name": "bigquery", "target_name": "analytics", "node_id": "model.hubspot.fact_deals"} */

  
    

    create or replace table `dlthub-sandbox`.`hubspot_dataset_test_2_transformed`.`fact_deals`
      
    
    

    OPTIONS()
    as (
      /* Fact Table: deals */


SELECT
    ---- main table deals
    deals._dlt_id,
    deals.closedate,
    deals.createdate,
    deals.days_to_close,
    deals.dealname,
    deals.dealstage,
    deals.hs_lastmodifieddate,
    deals.hs_object_id,
    deals.hubspot_owner_assigneddate,
    deals.hubspot_owner_id,
    deals.num_associated_contacts,
    deals.pipeline,
    deals.id,

    
    ---- dim table contacts__deals via contacts__deals__id
    contacts__deals__id.deals_id as contacts__deals__id__deals_id,
    -- contacts__deals__id.value as contacts__deals__id__value,
    
    ---- dim table contacts via contacts__contacts__deals__id
    contacts__contacts__deals__id._dlt_id as contacts__contacts__deals__id___dlt_id,
    -- contacts__contacts__deals__id.city as contacts__contacts__deals__id__city,
    -- contacts__contacts__deals__id.company as contacts__contacts__deals__id__company,
    -- contacts__contacts__deals__id.createdate as contacts__contacts__deals__id__createdate,
    -- contacts__contacts__deals__id.email as contacts__contacts__deals__id__email,
    -- contacts__contacts__deals__id.firstname as contacts__contacts__deals__id__firstname,
    -- contacts__contacts__deals__id.hs_object_id as contacts__contacts__deals__id__hs_object_id,
    -- contacts__contacts__deals__id.jobtitle as contacts__contacts__deals__id__jobtitle,
    -- contacts__contacts__deals__id.lastmodifieddate as contacts__contacts__deals__id__lastmodifieddate,
    -- contacts__contacts__deals__id.lastname as contacts__contacts__deals__id__lastname,
    -- contacts__contacts__deals__id.lifecyclestage as contacts__contacts__deals__id__lifecyclestage,
    -- contacts__contacts__deals__id.num_conversion_events as contacts__contacts__deals__id__num_conversion_events,
    -- contacts__contacts__deals__id.num_unique_conversion_events as contacts__contacts__deals__id__num_unique_conversion_events,
    -- contacts__contacts__deals__id.state as contacts__contacts__deals__id__state,
    -- contacts__contacts__deals__id.website as contacts__contacts__deals__id__website,
    -- contacts__contacts__deals__id.id as contacts__contacts__deals__id__id,
    -- contacts__contacts__deals__id.twitterhandle as contacts__contacts__deals__id__twitterhandle,
    -- contacts__contacts__deals__id.twitterprofilephoto as contacts__contacts__deals__id__twitterprofilephoto,
    -- contacts__contacts__deals__id.first_deal_created_date as contacts__contacts__deals__id__first_deal_created_date,
    -- contacts__contacts__deals__id.hubspot_owner_assigneddate as contacts__contacts__deals__id__hubspot_owner_assigneddate,
    -- contacts__contacts__deals__id.hubspot_owner_id as contacts__contacts__deals__id__hubspot_owner_id,
    -- contacts__contacts__deals__id.num_associated_deals as contacts__contacts__deals__id__num_associated_deals,
    -- contacts__contacts__deals__id.phone as contacts__contacts__deals__id__phone,
    -- contacts__contacts__deals__id.notes_last_contacted as contacts__contacts__deals__id__notes_last_contacted,
    -- contacts__contacts__deals__id.notes_last_updated as contacts__contacts__deals__id__notes_last_updated,
    -- contacts__contacts__deals__id.num_contacted_notes as contacts__contacts__deals__id__num_contacted_notes,
    -- contacts__contacts__deals__id.num_notes as contacts__contacts__deals__id__num_notes,
    -- contacts__contacts__deals__id.address as contacts__contacts__deals__id__address,
    -- contacts__contacts__deals__id.zip as contacts__contacts__deals__id__zip,
    

FROM  `dlthub-sandbox`.`hubspot_dataset_test_2_transformed`.`stg_deals` as deals
LEFT JOIN `dlthub-sandbox`.`hubspot_dataset_test_2_transformed`.`dim_contacts__deals` as contacts__deals__id ON
        contacts__deals__id.deals_id = deals.id

LEFT JOIN `dlthub-sandbox`.`hubspot_dataset_test_2_transformed`.`dim_contacts` as contacts__contacts__deals__id ON
        contacts__contacts__deals__id._dlt_id = contacts__deals__id._dlt_parent_id
    );
  
[0m14:50:24.892541 [info ] [Thread-3 (]: 15 of 18 OK created sql incremental model hubspot_dataset_test_2_transformed.dim_contacts__tickets  [[32mCREATE TABLE (1.0 rows, 631.0 Bytes processed)[0m in 3.74s]
[0m14:50:24.892541 [debug] [Thread-3 (]: Finished running node model.hubspot.dim_contacts__tickets
[0m14:50:24.892541 [debug] [Thread-4 (]: Began running node model.hubspot.fact_tickets
[0m14:50:24.892541 [info ] [Thread-4 (]: 17 of 18 START sql incremental model hubspot_dataset_test_2_transformed.fact_tickets  [RUN]
[0m14:50:24.892541 [debug] [Thread-4 (]: Re-using an available connection from the pool (formerly model.hubspot.dim_contacts__deals, now model.hubspot.fact_tickets)
[0m14:50:24.892541 [debug] [Thread-4 (]: Began compiling node model.hubspot.fact_tickets
[0m14:50:24.892541 [debug] [Thread-4 (]: Writing injected SQL for node "model.hubspot.fact_tickets"
[0m14:50:24.892541 [debug] [Thread-4 (]: Began executing node model.hubspot.fact_tickets
[0m14:50:24.908650 [debug] [Thread-4 (]: Writing runtime sql for node "model.hubspot.fact_tickets"
[0m14:50:24.908650 [debug] [Thread-4 (]: Opening a new connection, currently in state closed
[0m14:50:24.908650 [debug] [Thread-4 (]: On model.hubspot.fact_tickets: /* {"app": "dbt", "dbt_version": "1.8.7", "profile_name": "bigquery", "target_name": "analytics", "node_id": "model.hubspot.fact_tickets"} */

  
    

    create or replace table `dlthub-sandbox`.`hubspot_dataset_test_2_transformed`.`fact_tickets`
      
    
    

    OPTIONS()
    as (
      /* Fact Table: tickets */


SELECT
    ---- main table tickets
    tickets._dlt_id,
    tickets.createdate,
    tickets.hs_lastmodifieddate,
    tickets.hs_object_id,
    tickets.hs_pipeline,
    tickets.hs_pipeline_stage,
    tickets.subject,
    tickets.id,

    
    ---- dim table contacts__tickets via contacts__tickets__id
    contacts__tickets__id.tickets_id as contacts__tickets__id__tickets_id,
    -- contacts__tickets__id.value as contacts__tickets__id__value,
    
    ---- dim table contacts via contacts__contacts__tickets__id
    contacts__contacts__tickets__id._dlt_id as contacts__contacts__tickets__id___dlt_id,
    -- contacts__contacts__tickets__id.city as contacts__contacts__tickets__id__city,
    -- contacts__contacts__tickets__id.company as contacts__contacts__tickets__id__company,
    -- contacts__contacts__tickets__id.createdate as contacts__contacts__tickets__id__createdate,
    -- contacts__contacts__tickets__id.email as contacts__contacts__tickets__id__email,
    -- contacts__contacts__tickets__id.firstname as contacts__contacts__tickets__id__firstname,
    -- contacts__contacts__tickets__id.hs_object_id as contacts__contacts__tickets__id__hs_object_id,
    -- contacts__contacts__tickets__id.jobtitle as contacts__contacts__tickets__id__jobtitle,
    -- contacts__contacts__tickets__id.lastmodifieddate as contacts__contacts__tickets__id__lastmodifieddate,
    -- contacts__contacts__tickets__id.lastname as contacts__contacts__tickets__id__lastname,
    -- contacts__contacts__tickets__id.lifecyclestage as contacts__contacts__tickets__id__lifecyclestage,
    -- contacts__contacts__tickets__id.num_conversion_events as contacts__contacts__tickets__id__num_conversion_events,
    -- contacts__contacts__tickets__id.num_unique_conversion_events as contacts__contacts__tickets__id__num_unique_conversion_events,
    -- contacts__contacts__tickets__id.state as contacts__contacts__tickets__id__state,
    -- contacts__contacts__tickets__id.website as contacts__contacts__tickets__id__website,
    -- contacts__contacts__tickets__id.id as contacts__contacts__tickets__id__id,
    -- contacts__contacts__tickets__id.twitterhandle as contacts__contacts__tickets__id__twitterhandle,
    -- contacts__contacts__tickets__id.twitterprofilephoto as contacts__contacts__tickets__id__twitterprofilephoto,
    -- contacts__contacts__tickets__id.first_deal_created_date as contacts__contacts__tickets__id__first_deal_created_date,
    -- contacts__contacts__tickets__id.hubspot_owner_assigneddate as contacts__contacts__tickets__id__hubspot_owner_assigneddate,
    -- contacts__contacts__tickets__id.hubspot_owner_id as contacts__contacts__tickets__id__hubspot_owner_id,
    -- contacts__contacts__tickets__id.num_associated_deals as contacts__contacts__tickets__id__num_associated_deals,
    -- contacts__contacts__tickets__id.phone as contacts__contacts__tickets__id__phone,
    -- contacts__contacts__tickets__id.notes_last_contacted as contacts__contacts__tickets__id__notes_last_contacted,
    -- contacts__contacts__tickets__id.notes_last_updated as contacts__contacts__tickets__id__notes_last_updated,
    -- contacts__contacts__tickets__id.num_contacted_notes as contacts__contacts__tickets__id__num_contacted_notes,
    -- contacts__contacts__tickets__id.num_notes as contacts__contacts__tickets__id__num_notes,
    -- contacts__contacts__tickets__id.address as contacts__contacts__tickets__id__address,
    -- contacts__contacts__tickets__id.zip as contacts__contacts__tickets__id__zip,
    

FROM  `dlthub-sandbox`.`hubspot_dataset_test_2_transformed`.`stg_tickets` as tickets
LEFT JOIN `dlthub-sandbox`.`hubspot_dataset_test_2_transformed`.`dim_contacts__tickets` as contacts__tickets__id ON
        contacts__tickets__id.tickets_id = tickets.id

LEFT JOIN `dlthub-sandbox`.`hubspot_dataset_test_2_transformed`.`dim_contacts` as contacts__contacts__tickets__id ON
        contacts__contacts__tickets__id._dlt_id = contacts__tickets__id._dlt_parent_id
    );
  
[0m14:50:25.380761 [debug] [Thread-1 (]: BigQuery adapter: https://console.cloud.google.com/bigquery?project=dlthub-sandbox&j=bq:US:87eaf5a2-cc85-43a1-a2a1-35877940c43e&page=queryresults
[0m14:50:25.825319 [debug] [Thread-4 (]: BigQuery adapter: https://console.cloud.google.com/bigquery?project=dlthub-sandbox&j=bq:US:e800432e-3a24-455b-ad42-36788dc2cd0c&page=queryresults
[0m14:50:27.892428 [info ] [Thread-1 (]: 16 of 18 OK created sql incremental model hubspot_dataset_test_2_transformed.fact_deals  [[32mCREATE TABLE (1.0 rows, 739.0 Bytes processed)[0m in 3.53s]
[0m14:50:27.892428 [debug] [Thread-1 (]: Finished running node model.hubspot.fact_deals
[0m14:50:28.581928 [info ] [Thread-4 (]: 17 of 18 OK created sql incremental model hubspot_dataset_test_2_transformed.fact_tickets  [[32mCREATE TABLE (1.0 rows, 702.0 Bytes processed)[0m in 3.69s]
[0m14:50:28.581928 [debug] [Thread-4 (]: Finished running node model.hubspot.fact_tickets
[0m14:50:28.581928 [debug] [Thread-3 (]: Began running node model.hubspot.dlt_processed_load_ids
[0m14:50:28.581928 [info ] [Thread-3 (]: 18 of 18 START sql incremental model hubspot_dataset_test_2_transformed.dlt_processed_load_ids  [RUN]
[0m14:50:28.581928 [debug] [Thread-3 (]: Re-using an available connection from the pool (formerly model.hubspot.dim_contacts__tickets, now model.hubspot.dlt_processed_load_ids)
[0m14:50:28.581928 [debug] [Thread-3 (]: Began compiling node model.hubspot.dlt_processed_load_ids
[0m14:50:28.581928 [debug] [Thread-3 (]: Writing injected SQL for node "model.hubspot.dlt_processed_load_ids"
[0m14:50:28.581928 [debug] [Thread-3 (]: Began executing node model.hubspot.dlt_processed_load_ids
[0m14:50:28.581928 [debug] [Thread-3 (]: Writing runtime sql for node "model.hubspot.dlt_processed_load_ids"
[0m14:50:28.581928 [debug] [Thread-3 (]: Opening a new connection, currently in state closed
[0m14:50:28.597561 [debug] [Thread-3 (]: On model.hubspot.dlt_processed_load_ids: /* {"app": "dbt", "dbt_version": "1.8.7", "profile_name": "bigquery", "target_name": "analytics", "node_id": "model.hubspot.dlt_processed_load_ids"} */

  
    

    create or replace table `dlthub-sandbox`.`hubspot_dataset_test_2_transformed`.`dlt_processed_load_ids`
      
    
    

    OPTIONS()
    as (
      
-- depends_on: `dlthub-sandbox`.`hubspot_dataset_test_2_transformed`.`dim__dlt_loads`
-- depends_on: `dlthub-sandbox`.`hubspot_dataset_test_2_transformed`.`dim_companies`
-- depends_on: `dlthub-sandbox`.`hubspot_dataset_test_2_transformed`.`dim_contacts`
-- depends_on: `dlthub-sandbox`.`hubspot_dataset_test_2_transformed`.`fact_deals`
-- depends_on: `dlthub-sandbox`.`hubspot_dataset_test_2_transformed`.`fact_tickets`
-- depends_on: `dlthub-sandbox`.`hubspot_dataset_test_2_transformed`.`dim_contacts__tickets`
-- depends_on: `dlthub-sandbox`.`hubspot_dataset_test_2_transformed`.`dim_contacts__deals`
/* we save all currently active load ids into the processed ids table */
select load_id, current_timestamp() as inserted_at FROM `dlthub-sandbox`.`hubspot_dataset_test_2_transformed`.`dlt_active_load_ids`
    );
  
[0m14:50:29.431668 [debug] [Thread-3 (]: BigQuery adapter: https://console.cloud.google.com/bigquery?project=dlthub-sandbox&j=bq:US:45f4cbba-d5d4-4534-a4a3-69675585faf2&page=queryresults
[0m14:50:31.671851 [info ] [Thread-3 (]: 18 of 18 OK created sql incremental model hubspot_dataset_test_2_transformed.dlt_processed_load_ids  [[32mCREATE TABLE (3.0 rows, 60.0 Bytes processed)[0m in 3.09s]
[0m14:50:31.671851 [debug] [Thread-3 (]: Finished running node model.hubspot.dlt_processed_load_ids
[0m14:50:31.679116 [debug] [MainThread]: Connection 'master' was properly closed.
[0m14:50:31.679116 [debug] [MainThread]: Connection 'create_dlthub-sandbox_hubspot_dataset_test_2_transformed' was properly closed.
[0m14:50:31.679116 [debug] [MainThread]: Connection 'list_dlthub-sandbox_hubspot_dataset_test_2_transformed' was properly closed.
[0m14:50:31.679116 [debug] [MainThread]: Connection 'model.hubspot.fact_deals' was properly closed.
[0m14:50:31.679116 [debug] [MainThread]: Connection 'model.hubspot.dlt_processed_load_ids' was properly closed.
[0m14:50:31.679116 [debug] [MainThread]: Connection 'model.hubspot.fact_tickets' was properly closed.
[0m14:50:31.679116 [debug] [MainThread]: Connection 'model.hubspot.dim_tickets' was properly closed.
[0m14:50:31.679116 [info ] [MainThread]: 
[0m14:50:31.679116 [info ] [MainThread]: Finished running 8 table models, 10 incremental models in 0 hours 0 minutes and 28.55 seconds (28.55s).
[0m14:50:31.679116 [debug] [MainThread]: Command end result
[0m14:50:31.726069 [info ] [MainThread]: 
[0m14:50:31.726069 [info ] [MainThread]: [32mCompleted successfully[0m
[0m14:50:31.726069 [info ] [MainThread]: 
[0m14:50:31.726069 [info ] [MainThread]: Done. PASS=18 WARN=0 ERROR=0 SKIP=0 TOTAL=18
[0m14:50:31.726069 [debug] [MainThread]: Command `cli run` succeeded at 14:50:31.726069 after 29.54 seconds
[0m14:50:31.726069 [debug] [MainThread]: Flushing usage events


============================== 14:50:34.507333 | fd337a76-3324-4d03-b902-bf66dbb0c538 ==============================
[0m14:50:34.507333 [info ] [MainThread]: Running with dbt=1.8.7
[0m14:50:34.507333 [debug] [MainThread]: running dbt with arguments {'printer_width': '80', 'indirect_selection': 'eager', 'write_json': 'True', 'log_cache_events': 'False', 'partial_parse': 'True', 'cache_selected_only': 'False', 'profiles_dir': 'C:\\Users\\Nikesh\\Documents\\test dbt projects\\Hubspot-2\\myenv\\Lib\\site-packages\\dlt\\helpers\\dbt', 'debug': 'False', 'warn_error': 'None', 'log_path': 'C:\\Users\\Nikesh\\Documents\\test dbt projects\\Hubspot-2\\dbt_hubspot\\logs', 'version_check': 'True', 'fail_fast': 'False', 'use_colors': 'True', 'use_experimental_parser': 'False', 'empty': 'None', 'quiet': 'True', 'no_print': 'None', 'log_format': 'default', 'invocation_command': 'dbt ', 'static_parser': 'True', 'warn_error_options': 'WarnErrorOptions(include=[], exclude=[])', 'target_path': 'None', 'introspect': 'True', 'send_anonymous_usage_stats': 'False'}
[0m14:50:34.507333 [warn ] [MainThread]: [[33mWARNING[0m]: Deprecated functionality

User config should be moved from the 'config' key in profiles.yml to the 'flags' key in dbt_project.yml.
[0m14:50:35.056918 [info ] [MainThread]: Registered adapter: bigquery=1.8.2
[0m14:50:35.072554 [debug] [MainThread]: checksum: 56f725a928a7293b3bd04fddce1929d32fad60e8b1163bcfc5571c89e7dca5f2, vars: {'destination_dataset_name': 'hubspot_dataset_test_2_transformed',
 'source_dataset_name': 'hubspot_dataset_test_2'}, profile: bigquery, target: , version: 1.8.7
[0m14:50:35.182478 [debug] [MainThread]: Partial parsing enabled: 0 files deleted, 0 files added, 0 files changed.
[0m14:50:35.182478 [debug] [MainThread]: Partial parsing enabled, no changes found, skipping parsing
[0m14:50:35.323564 [info ] [MainThread]: Found 18 models, 8 sources, 479 macros
[0m14:50:35.323564 [info ] [MainThread]: 
[0m14:50:35.323564 [warn ] [MainThread]: Nothing to do. Try checking your model configs and model specification args
[0m14:50:35.323564 [debug] [MainThread]: Command end result
[0m14:50:35.340276 [debug] [MainThread]: Command `cli test` succeeded at 14:50:35.340276 after 0.96 seconds
[0m14:50:35.340276 [debug] [MainThread]: Flushing usage events
